<?xml version="1.0" encoding="UTF-8"?>
<!-- Generated by org.testng.reporters.JUnitXMLReporter -->
<testsuite ignored="0" hostname="HYD-LAP-00926" failures="0" tests="4" name="Test" time="8.833" errors="0" timestamp="2024-02-12T17:04:27 IST">
  <testcase classname="api.test.UserTests2" name="testPostUser" time="3.092"/>
  <testcase classname="api.test.UserTests2" name="testGetUserByName" time="1.209"/>
  <testcase classname="api.test.UserTests2" name="testUpdateUserByName" time="2.372"/>
  <testcase classname="api.test.UserTests2" name="testDeleteUserByName" time="1.156"/>
</testsuite> <!-- Test -->
