<?xml version="1.0" encoding="UTF-8"?>
<testng-results ignored="0" total="4" passed="4" failed="0" skipped="0">
  <reporter-output>
  </reporter-output>
  <suite started-at="2024-02-05T15:33:48 IST" name="Suite" finished-at="2024-02-05T15:33:57 IST" duration-ms="8869">
    <groups>
    </groups>
    <test started-at="2024-02-05T15:33:48 IST" name="Test" finished-at="2024-02-05T15:33:57 IST" duration-ms="8869">
      <class name="api.test.UserTests2">
        <test-method is-config="true" signature="setup()[pri:0, instance:api.test.UserTests2@5af3afd9]" started-at="2024-02-05T15:33:48 IST" name="setup" finished-at="2024-02-05T15:33:49 IST" duration-ms="764" status="PASS">
          <reporter-output>
          </reporter-output>
        </test-method> <!-- setup -->
        <test-method signature="testPostUser()[pri:1, instance:api.test.UserTests2@5af3afd9]" started-at="2024-02-05T15:33:49 IST" name="testPostUser" finished-at="2024-02-05T15:33:52 IST" duration-ms="3075" status="PASS">
          <reporter-output>
          </reporter-output>
        </test-method> <!-- testPostUser -->
        <test-method signature="testGetUserByName()[pri:2, instance:api.test.UserTests2@5af3afd9]" started-at="2024-02-05T15:33:52 IST" name="testGetUserByName" finished-at="2024-02-05T15:33:53 IST" duration-ms="1218" status="PASS">
          <reporter-output>
          </reporter-output>
        </test-method> <!-- testGetUserByName -->
        <test-method signature="testUpdateUserByName()[pri:3, instance:api.test.UserTests2@5af3afd9]" started-at="2024-02-05T15:33:53 IST" name="testUpdateUserByName" finished-at="2024-02-05T15:33:56 IST" duration-ms="2356" status="PASS">
          <reporter-output>
          </reporter-output>
        </test-method> <!-- testUpdateUserByName -->
        <test-method signature="testDeleteUserByName()[pri:4, instance:api.test.UserTests2@5af3afd9]" started-at="2024-02-05T15:33:56 IST" name="testDeleteUserByName" finished-at="2024-02-05T15:33:57 IST" duration-ms="1209" status="PASS">
          <reporter-output>
          </reporter-output>
        </test-method> <!-- testDeleteUserByName -->
      </class> <!-- api.test.UserTests2 -->
    </test> <!-- Test -->
  </suite> <!-- Suite -->
</testng-results>
