<?xml version="1.0" encoding="UTF-8"?>
<!-- Generated by org.testng.reporters.JUnitXMLReporter -->
<testsuite ignored="0" hostname="HYD-LAP-00926" failures="0" tests="4" name="PetTest" time="11.133" errors="0" timestamp="2024-02-05T11:48:45 IST">
  <testcase classname="api.test.UserTests" name="testPostUser" time="4.134"/>
  <testcase classname="api.test.UserTests" name="testGetUserByName" time="2.427"/>
  <testcase classname="api.test.UserTests" name="testUpdateUserByName" time="2.783"/>
  <testcase classname="api.test.UserTests" name="testDeleteUserByName" time="1.483"/>
</testsuite> <!-- PetTest -->
